0 info it worked if it ends with ok
1 verbose cli [ 'C:\\Program Files\\nodejs\\node.exe',
1 verbose cli   'C:\\Program Files\\nodejs\\node_modules\\npm\\bin\\npm-cli.js',
1 verbose cli   'install',
1 verbose cli   'server.js' ]
2 info using npm@3.10.3
3 info using node@v6.5.0
4 silly loadCurrentTree Starting
5 silly install loadCurrentTree
6 silly install readLocalPackageData
7 silly fetchPackageMetaData server.js
8 silly fetchOtherPackageData server.js
9 silly cache add args [ 'server.js', null ]
10 verbose cache add spec server.js
11 silly cache add parsed spec Result {
11 silly cache add   raw: 'server.js',
11 silly cache add   scope: null,
11 silly cache add   escapedName: 'server.js',
11 silly cache add   name: null,
11 silly cache add   rawSpec: 'server.js',
11 silly cache add   spec: 'E:\\repository\\webappPOC\\modular\\backend\\server.js',
11 silly cache add   type: 'local' }
12 silly addLocalTarball shasum (computed) 9be89308950ec49374f77c6689fe8287320eb65d
13 verbose addTmpTarball E:\repository\webappPOC\modular\backend\server.js not in flight; adding
14 verbose correctMkdir C:\Users\DVD\AppData\Roaming\npm-cache correctMkdir not in flight; initializing
15 verbose addTmpTarball validating metadata from E:\repository\webappPOC\modular\backend\server.js
16 verbose tar unpack E:\repository\webappPOC\modular\backend\server.js
17 verbose tar unpacking to C:\Users\DVD\AppData\Local\Temp\npm-904-6892dd86\unpack-06dd3272
18 silly gentlyRm C:\Users\DVD\AppData\Local\Temp\npm-904-6892dd86\unpack-06dd3272 is being purged
19 verbose gentlyRm don't care about contents; nuking C:\Users\DVD\AppData\Local\Temp\npm-904-6892dd86\unpack-06dd3272
20 silly gunzTarPerm modes [ '777', '666' ]
21 error not a package E:\repository\webappPOC\modular\backend\server.js
22 error addLocal Could not install E:\repository\webappPOC\modular\backend\server.js
23 silly fetchPackageMetaData Error: ENOENT: no such file or directory, open 'C:\Users\DVD\AppData\Local\Temp\npm-904-6892dd86\unpack-06dd3272\package.json'
23 silly fetchPackageMetaData     at Error (native)
23 silly fetchPackageMetaData  error for server.js { Error: ENOENT: no such file or directory, open 'C:\Users\DVD\AppData\Local\Temp\npm-904-6892dd86\unpack-06dd3272\package.json'
23 silly fetchPackageMetaData     at Error (native)
23 silly fetchPackageMetaData   errno: -4058,
23 silly fetchPackageMetaData   code: 'ENOENT',
23 silly fetchPackageMetaData   syscall: 'open',
23 silly fetchPackageMetaData   path: 'C:\\Users\\DVD\\AppData\\Local\\Temp\\npm-904-6892dd86\\unpack-06dd3272\\package.json' }
24 silly rollbackFailedOptional Starting
25 silly rollbackFailedOptional Finishing
26 silly runTopLevelLifecycles Starting
27 silly runTopLevelLifecycles Finishing
28 silly install printInstalled
29 verbose stack Error: ENOENT: no such file or directory, open 'C:\Users\DVD\AppData\Local\Temp\npm-904-6892dd86\unpack-06dd3272\package.json'
29 verbose stack     at Error (native)
30 verbose cwd E:\repository\webappPOC\modular\backend
31 error Windows_NT 10.0.10586
32 error argv "C:\\Program Files\\nodejs\\node.exe" "C:\\Program Files\\nodejs\\node_modules\\npm\\bin\\npm-cli.js" "install" "server.js"
33 error node v6.5.0
34 error npm  v3.10.3
35 error path C:\Users\DVD\AppData\Local\Temp\npm-904-6892dd86\unpack-06dd3272\package.json
36 error code ENOENT
37 error errno -4058
38 error syscall open
39 error enoent ENOENT: no such file or directory, open 'C:\Users\DVD\AppData\Local\Temp\npm-904-6892dd86\unpack-06dd3272\package.json'
40 error enoent ENOENT: no such file or directory, open 'C:\Users\DVD\AppData\Local\Temp\npm-904-6892dd86\unpack-06dd3272\package.json'
40 error enoent This is most likely not a problem with npm itself
40 error enoent and is related to npm not being able to find a file.
41 verbose exit [ -4058, true ]
